<?xml version="1.0" encoding="UTF-8"?>
<!-- Generated by org.testng.reporters.JUnitReportReporter -->
<testsuite hostname="DESKTOP-R4ML4PD" name="com.mediastep.test.ParallelTest" tests="4" failures="0" timestamp="8 Dec 2016 07:55:01 GMT" time="61.995" errors="0">
  <testcase name="InvalidValidLoginTest" time="4.141" classname="com.mediastep.test.ParallelTest"/>
  <testcase name="ValidLoginTest" time="28.420" classname="com.mediastep.test.ParallelTest"/>
  <testcase name="ValidLoginTest" time="24.877" classname="com.mediastep.test.ParallelTest"/>
  <testcase name="InvalidValidLoginTest" time="4.557" classname="com.mediastep.test.ParallelTest"/>
</testsuite> <!-- com.mediastep.test.ParallelTest -->
