<?xml version="1.0" encoding="UTF-8"?>
<!-- Generated by org.testng.reporters.JUnitReportReporter -->
<testsuite hostname="DESKTOP-R4ML4PD" name="com.mediastep.test.ParallelTest" tests="4" failures="0" timestamp="8 Dec 2016 10:20:02 GMT" time="59.921" errors="0">
  <testcase name="ValidLoginTest" time="24.093" classname="com.mediastep.test.ParallelTest"/>
  <testcase name="InvalidValidLoginTest" time="4.971" classname="com.mediastep.test.ParallelTest"/>
  <testcase name="InvalidValidLoginTest" time="3.879" classname="com.mediastep.test.ParallelTest"/>
  <testcase name="ValidLoginTest" time="26.978" classname="com.mediastep.test.ParallelTest"/>
</testsuite> <!-- com.mediastep.test.ParallelTest -->
