<?xml version="1.0" encoding="UTF-8"?>
<!-- Generated by org.testng.reporters.JUnitReportReporter -->
<testsuite hostname="DESKTOP-R4ML4PD" name="com.mediastep.test.ParallelTest" tests="4" failures="0" timestamp="8 Dec 2016 10:43:29 GMT" time="58.724" errors="0">
  <testcase name="ValidLoginTest" time="24.468" classname="com.mediastep.test.ParallelTest"/>
  <testcase name="InvalidValidLoginTest" time="3.901" classname="com.mediastep.test.ParallelTest"/>
  <testcase name="ValidLoginTest" time="26.815" classname="com.mediastep.test.ParallelTest"/>
  <testcase name="InvalidValidLoginTest" time="3.540" classname="com.mediastep.test.ParallelTest"/>
</testsuite> <!-- com.mediastep.test.ParallelTest -->
