<?xml version="1.0" encoding="UTF-8"?>
<!-- Generated by org.testng.reporters.JUnitReportReporter -->
<testsuite hostname="DESKTOP-R4ML4PD" name="com.mediastep.test.appium_multiple_test" tests="1" failures="0" timestamp="2 Dec 2016 04:29:44 GMT" time="17.854" errors="0">
  <testcase name="Sum" time="17.854" classname="com.mediastep.test.appium_multiple_test"/>
</testsuite> <!-- com.mediastep.test.appium_multiple_test -->
